[debug] [2017-10-10T23:55:20.202Z] ----------------------------------------------------------------------
[debug] [2017-10-10T23:55:20.207Z] Command:       /usr/local/bin/node /usr/local/bin/firebase serve
[debug] [2017-10-10T23:55:20.208Z] CLI Version:   3.13.1
[debug] [2017-10-10T23:55:20.208Z] Platform:      darwin
[debug] [2017-10-10T23:55:20.208Z] Node Version:  v6.10.3
[debug] [2017-10-10T23:55:20.210Z] Time:          Wed Oct 11 2017 09:55:20 GMT+1000 (AEST)
[debug] [2017-10-10T23:55:20.210Z] ----------------------------------------------------------------------
[debug] 
[debug] [2017-10-10T23:55:20.231Z] > command requires scopes: ["email","openid","https://www.googleapis.com/auth/cloudplatformprojects.readonly","https://www.googleapis.com/auth/firebase","https://www.googleapis.com/auth/cloud-platform"]
[debug] [2017-10-10T23:55:20.232Z] > authorizing via signed-in user
[debug] [2017-10-10T23:55:20.236Z] > refreshing access token with scopes: ["email","https://www.googleapis.com/auth/cloud-platform","https://www.googleapis.com/auth/cloudplatformprojects.readonly","https://www.googleapis.com/auth/firebase","openid"]
[debug] [2017-10-10T23:55:20.236Z] >>> HTTP REQUEST POST https://www.googleapis.com/oauth2/v3/token { refresh_token: '1/upGnLughh4y1aNpmVbyHa6-qES88IVwuzxAN0EnbPcinY1s2V_MbBgacjID03jE6',
  client_id: '563584335869-fgrhgmd47bqnekij5i8b5pr03ho849e6.apps.googleusercontent.com',
  client_secret: 'j9iVZfS8kkCEFUPaAeJV0sAi',
  grant_type: 'refresh_token',
  scope: 'email https://www.googleapis.com/auth/cloud-platform https://www.googleapis.com/auth/cloudplatformprojects.readonly https://www.googleapis.com/auth/firebase openid' } 
 Wed Oct 11 2017 09:55:20 GMT+1000 (AEST)
[debug] [2017-10-10T23:55:20.573Z] <<< HTTP RESPONSE 200
[debug] [2017-10-10T23:55:20.577Z] >>> HTTP REQUEST GET https://admin.firebase.com/v1/projects/bake-mate  
 Wed Oct 11 2017 09:55:20 GMT+1000 (AEST)
[debug] [2017-10-10T23:55:21.929Z] <<< HTTP RESPONSE 200
[debug] [2017-10-10T23:55:21.930Z] >>> HTTP REQUEST GET https://admin.firebase.com/v1/database/bake-mate/tokens  
 Wed Oct 11 2017 09:55:21 GMT+1000 (AEST)
[debug] [2017-10-10T23:55:23.076Z] <<< HTTP RESPONSE 200
[info] 
[info] === Serving from '/Users/nicholasmacarthur/bakedgroup/bake-mate'...
[info] 
[debug] [2017-10-10T23:55:23.080Z] >>> HTTP REQUEST GET https://cloudresourcemanager.googleapis.com/v1/projects/bake-mate  
 Wed Oct 11 2017 09:55:23 GMT+1000 (AEST)
[debug] [2017-10-10T23:55:24.637Z] <<< HTTP RESPONSE 200
[debug] [2017-10-10T23:55:24.638Z] >>> HTTP REQUEST GET https://mobilesdk-pa.googleapis.com/v1/projects/46970780431/clients/_:getWebAppConfig  
 Wed Oct 11 2017 09:55:24 GMT+1000 (AEST)
[debug] [2017-10-10T23:55:25.793Z] <<< HTTP RESPONSE 200
[debug] [2017-10-10T23:55:25.839Z] TypeError: Cannot read property 'public' of undefined
    at Server.<anonymous> (/usr/local/lib/node_modules/firebase-tools/lib/serve/hosting.js:34:17)
    at Server.g (events.js:292:16)
    at emitNone (events.js:86:13)
    at Server.emit (events.js:185:7)
    at emitListeningNT (net.js:1284:10)
    at _combinedTickCallback (internal/process/next_tick.js:77:11)
    at process._tickDomainCallback (internal/process/next_tick.js:128:9)
[error] 
[error] Error: An unexpected error has occurred.
